# JRE version: Java(TM) SE Runtime Environment (8.0_71-b15) (build 1.8.0_71-b15)
# Java VM: Java HotSpot(TM) 64-Bit Server VM (25.71-b15 mixed mode windows-amd64 compressed oops)
Heap:
 PSYoungGen      total 134144K, used 9634K [0x00000000d5580000, 0x00000000e0680000, 0x0000000100000000)
  eden space 115200K, 7% used [0x00000000d5580000,0x00000000d5e2c848,0x00000000dc600000)
  from space 18944K, 3% used [0x00000000dc600000,0x00000000dc6bc230,0x00000000dd880000)
  to   space 18944K, 0% used [0x00000000df400000,0x00000000df400000,0x00000000e0680000)
 ParOldGen       total 53248K, used 39752K [0x0000000080000000, 0x0000000083400000, 0x00000000d5580000)
  object space 53248K, 74% used [0x0000000080000000,0x00000000826d23d0,0x0000000083400000)
 Metaspace       used 57371K, capacity 58780K, committed 59008K, reserved 1099776K
  class space    used 7598K, capacity 8003K, committed 8064K, reserved 1048576K
GC Heap History (10 events):
Event: 627.170 GC heap before
{Heap before GC invocations=19 (full 2):
 PSYoungGen      total 81920K, used 81898K [0x00000000d5580000, 0x00000000db580000, 0x0000000100000000)
  eden space 72192K, 100% used [0x00000000d5580000,0x00000000d9c00000,0x00000000d9c00000)
  from space 9728K, 99% used [0x00000000da680000,0x00000000daffa9f0,0x00000000db000000)
  to   space 10752K, 0% used [0x00000000d9c00000,0x00000000d9c00000,0x00000000da680000)
 ParOldGen       total 53248K, used 15055K [0x0000000080000000, 0x0000000083400000, 0x00000000d5580000)
  object space 53248K, 28% used [0x0000000080000000,0x0000000080eb3d90,0x0000000083400000)
 Metaspace       used 50217K, capacity 51348K, committed 51584K, reserved 1093632K
  class space    used 6676K, capacity 6988K, committed 7040K, reserved 1048576K
Event: 627.289 GC heap after
Heap after GC invocations=19 (full 2):
 PSYoungGen      total 82944K, used 10734K [0x00000000d5580000, 0x00000000dce00000, 0x0000000100000000)
  eden space 72192K, 0% used [0x00000000d5580000,0x00000000d5580000,0x00000000d9c00000)
  from space 10752K, 99% used [0x00000000d9c00000,0x00000000da67bbf0,0x00000000da680000)
  to   space 14848K, 0% used [0x00000000dbf80000,0x00000000dbf80000,0x00000000dce00000)
 ParOldGen       total 53248K, used 21495K [0x0000000080000000, 0x0000000083400000, 0x00000000d5580000)
  object space 53248K, 40% used [0x0000000080000000,0x00000000814fdfe8,0x0000000083400000)
 Metaspace       used 50217K, capacity 51348K, committed 51584K, reserved 1093632K
  class space    used 6676K, capacity 6988K, committed 7040K, reserved 1048576K
}
Event: 631.240 GC heap before
{Heap before GC invocations=20 (full 2):
 PSYoungGen      total 82944K, used 82926K [0x00000000d5580000, 0x00000000dce00000, 0x0000000100000000)
  eden space 72192K, 100% used [0x00000000d5580000,0x00000000d9c00000,0x00000000d9c00000)
  from space 10752K, 99% used [0x00000000d9c00000,0x00000000da67bbf0,0x00000000da680000)
  to   space 14848K, 0% used [0x00000000dbf80000,0x00000000dbf80000,0x00000000dce00000)
 ParOldGen       total 53248K, used 21495K [0x0000000080000000, 0x0000000083400000, 0x00000000d5580000)
  object space 53248K, 40% used [0x0000000080000000,0x00000000814fdfe8,0x0000000083400000)
 Metaspace       used 55341K, capacity 56540K, committed 56704K, reserved 1097728K
  class space    used 7436K, capacity 7781K, committed 7808K, reserved 1048576K
Event: 631.300 GC heap after
Heap after GC invocations=20 (full 2):
 PSYoungGen      total 105472K, used 14817K [0x00000000d5580000, 0x00000000dd400000, 0x0000000100000000)
  eden space 90624K, 0% used [0x00000000d5580000,0x00000000d5580000,0x00000000dae00000)
  from space 14848K, 99% used [0x00000000dbf80000,0x00000000dcdf84d0,0x00000000dce00000)
  to   space 17920K, 0% used [0x00000000dae00000,0x00000000dae00000,0x00000000dbf80000)
 ParOldGen       total 53248K, used 24212K [0x0000000080000000, 0x0000000083400000, 0x00000000d5580000)
  object space 53248K, 45% used [0x0000000080000000,0x00000000817a5358,0x0000000083400000)
 Metaspace       used 55341K, capacity 56540K, committed 56704K, reserved 1097728K
  class space    used 7436K, capacity 7781K, committed 7808K, reserved 1048576K
}
Event: 636.978 GC heap before
{Heap before GC invocations=21 (full 2):
 PSYoungGen      total 105472K, used 105441K [0x00000000d5580000, 0x00000000dd400000, 0x0000000100000000)
  eden space 90624K, 100% used [0x00000000d5580000,0x00000000dae00000,0x00000000dae00000)
  from space 14848K, 99% used [0x00000000dbf80000,0x00000000dcdf84d0,0x00000000dce00000)
  to   space 17920K, 0% used [0x00000000dae00000,0x00000000dae00000,0x00000000dbf80000)
 ParOldGen       total 53248K, used 24212K [0x0000000080000000, 0x0000000083400000, 0x00000000d5580000)
  object space 53248K, 45% used [0x0000000080000000,0x00000000817a5358,0x0000000083400000)
 Metaspace       used 56537K, capacity 57872K, committed 58112K, reserved 1099776K
  class space    used 7533K, capacity 7929K, committed 7936K, reserved 1048576K
Event: 637.089 GC heap after
Heap after GC invocations=21 (full 2):
 PSYoungGen      total 108544K, used 14817K [0x00000000d5580000, 0x00000000dee80000, 0x0000000100000000)
  eden space 90624K, 0% used [0x00000000d5580000,0x00000000d5580000,0x00000000dae00000)
  from space 17920K, 82% used [0x00000000dae00000,0x00000000dbc78678,0x00000000dbf80000)
  to   space 19456K, 0% used [0x00000000ddb80000,0x00000000ddb80000,0x00000000dee80000)
 ParOldGen       total 53248K, used 27113K [0x0000000080000000, 0x0000000083400000, 0x00000000d5580000)
  object space 53248K, 50% used [0x0000000080000000,0x0000000081a7a7f8,0x0000000083400000)
 Metaspace       used 56537K, capacity 57872K, committed 58112K, reserved 1099776K
  class space    used 7533K, capacity 7929K, committed 7936K, reserved 1048576K
}
Event: 980.096 GC heap before
{Heap before GC invocations=22 (full 2):
 PSYoungGen      total 108544K, used 105441K [0x00000000d5580000, 0x00000000dee80000, 0x0000000100000000)
  eden space 90624K, 100% used [0x00000000d5580000,0x00000000dae00000,0x00000000dae00000)
  from space 17920K, 82% used [0x00000000dae00000,0x00000000dbc78678,0x00000000dbf80000)
  to   space 19456K, 0% used [0x00000000ddb80000,0x00000000ddb80000,0x00000000dee80000)
 ParOldGen       total 53248K, used 27113K [0x0000000080000000, 0x0000000083400000, 0x00000000d5580000)
  object space 53248K, 50% used [0x0000000080000000,0x0000000081a7a7f8,0x0000000083400000)
 Metaspace       used 57352K, capacity 58716K, committed 59008K, reserved 1099776K
  class space    used 7598K, capacity 8003K, committed 8064K, reserved 1048576K
Event: 980.140 GC heap after
Heap after GC invocations=22 (full 2):
 PSYoungGen      total 131072K, used 5730K [0x00000000d5580000, 0x00000000deb00000, 0x0000000100000000)
  eden space 115200K, 0% used [0x00000000d5580000,0x00000000d5580000,0x00000000dc600000)
  from space 15872K, 36% used [0x00000000ddb80000,0x00000000de118b88,0x00000000deb00000)
  to   space 18944K, 0% used [0x00000000dc600000,0x00000000dc600000,0x00000000dd880000)
 ParOldGen       total 53248K, used 34978K [0x0000000080000000, 0x0000000083400000, 0x00000000d5580000)
  object space 53248K, 65% used [0x0000000080000000,0x0000000082228930,0x0000000083400000)
 Metaspace       used 57352K, capacity 58716K, committed 59008K, reserved 1099776K
  class space    used 7598K, capacity 8003K, committed 8064K, reserved 1048576K
}
Event: 1160.833 GC heap before
{Heap before GC invocations=23 (full 2):
 PSYoungGen      total 131072K, used 120930K [0x00000000d5580000, 0x00000000deb00000, 0x0000000100000000)
  eden space 115200K, 100% used [0x00000000d5580000,0x00000000dc600000,0x00000000dc600000)
  from space 15872K, 36% used [0x00000000ddb80000,0x00000000de118b88,0x00000000deb00000)
  to   space 18944K, 0% used [0x00000000dc600000,0x00000000dc600000,0x00000000dd880000)
 ParOldGen       total 53248K, used 34978K [0x0000000080000000, 0x0000000083400000, 0x00000000d5580000)
  object space 53248K, 65% used [0x0000000080000000,0x0000000082228930,0x0000000083400000)
 Metaspace       used 57371K, capacity 58780K, committed 59008K, reserved 1099776K
  class space    used 7598K, capacity 8003K, committed 8064K, reserved 1048576K
Event: 1160.856 GC heap after
Heap after GC invocations=23 (full 2):
 PSYoungGen      total 134144K, used 752K [0x00000000d5580000, 0x00000000e0680000, 0x0000000100000000)
  eden space 115200K, 0% used [0x00000000d5580000,0x00000000d5580000,0x00000000dc600000)
  from space 18944K, 3% used [0x00000000dc600000,0x00000000dc6bc230,0x00000000dd880000)
  to   space 18944K, 0% used [0x00000000df400000,0x00000000df400000,0x00000000e0680000)
 ParOldGen       total 53248K, used 39752K [0x0000000080000000, 0x0000000083400000, 0x00000000d5580000)
  object space 53248K, 74% used [0x0000000080000000,0x00000000826d23d0,0x0000000083400000)
 Metaspace       used 57371K, capacity 58780K, committed 59008K, reserved 1099776K
  class space    used 7598K, capacity 8003K, committed 8064K, reserved 1048576K
}

